[May 04 2015 00:23:25] ERROR_HANDLER 
Number:  2
Message: include(/Applications/MAMP/htdocs/sight-seekers-delight/wp-content/wp-cache-config.php): failed to open stream: No such file or directory
File:    /Applications/MAMP/htdocs/sight-seekers-delight/wp-content/plugins/wp-super-cache/wp-cache.php
Line:    51
-------------------------------------------- 
[May 04 2015 00:23:25] ERROR_HANDLER 
Number:  2
Message: include(): Failed opening '/Applications/MAMP/htdocs/sight-seekers-delight/wp-content/wp-cache-config.php' for inclusion (include_path='.:/Applications/MAMP/bin/php/php5.5.10/lib/php')
File:    /Applications/MAMP/htdocs/sight-seekers-delight/wp-content/plugins/wp-super-cache/wp-cache.php
Line:    51
-------------------------------------------- 
[May 04 2015 00:23:33] ERROR_HANDLER 
Number:  2
Message: include(/Applications/MAMP/htdocs/sight-seekers-delight/wp-content/wp-cache-config.php): failed to open stream: No such file or directory
File:    /Applications/MAMP/htdocs/sight-seekers-delight/wp-content/plugins/wp-super-cache/wp-cache.php
Line:    51
-------------------------------------------- 
[May 04 2015 00:23:33] ERROR_HANDLER 
Number:  2
Message: include(): Failed opening '/Applications/MAMP/htdocs/sight-seekers-delight/wp-content/wp-cache-config.php' for inclusion (include_path='.:/Applications/MAMP/bin/php/php5.5.10/lib/php')
File:    /Applications/MAMP/htdocs/sight-seekers-delight/wp-content/plugins/wp-super-cache/wp-cache.php
Line:    51
-------------------------------------------- 
